<?xml version="1.0" encoding="UTF-8"?>
<testsuites>
    <testsuite name="force.apex" timestamp="2022-04-25T13:53:19.000Z" hostname="https://site-efficiency-5510.cs6.my.salesforce.com" tests="2" failures="0"  errors="0"  time="0.23">
        <properties>
            <property name="outcome" value="Successful"/>
            <property name="testsRan" value="2"/>
            <property name="passing" value="2"/>
            <property name="failing" value="0"/>
            <property name="skipped" value="0"/>
            <property name="passRate" value="100%"/>
            <property name="failRate" value="0%"/>
            <property name="testStartTime" value="Mon Apr 25 2022 11:53:19 PM"/>
            <property name="testExecutionTime" value="0.23 s"/>
            <property name="testTotalTime" value="0.23 s"/>
            <property name="commandTime" value="0.41 s"/>
            <property name="hostname" value="https://site-efficiency-5510.cs6.my.salesforce.com"/>
            <property name="orgId" value="00DN0000000TSvkMAG"/>
            <property name="username" value="test-iakvixwatve4@example.com"/>
            <property name="testRunId" value="707N000004RoQN5"/>
            <property name="userId" value="005N000000BLiFwIAL"/>
            <property name="coveredLines" value="30"/>
            <property name="testRunCoverage" value="100%"/>
            <property name="orgWideCoverage" value="100%"/>
        </properties>
        <testcase name="testFrequentlyBoughtTogether" classname="FrequentlyBoughtTogetherTest" time="0.10">
        </testcase>
        <testcase name="testgetFrequentProducts" classname="FreqProdImgCarouselControllerTest" time="0.12">
        </testcase>
    </testsuite>
</testsuites>
