<?xml version="1.0" encoding="UTF-8"?>
<testsuites>
    <testsuite name="force.apex" timestamp="2022-04-25T13:47:30.000Z" hostname="https://site-efficiency-5510.cs6.my.salesforce.com" tests="2" failures="2"  errors="0"  time="0.00">
        <properties>
            <property name="outcome" value="Failed"/>
            <property name="testsRan" value="2"/>
            <property name="passing" value="0"/>
            <property name="failing" value="2"/>
            <property name="skipped" value="0"/>
            <property name="passRate" value="0%"/>
            <property name="failRate" value="100%"/>
            <property name="testStartTime" value="Mon Apr 25 2022 11:47:30 PM"/>
            <property name="testExecutionTime" value="0.00 s"/>
            <property name="testTotalTime" value="0.00 s"/>
            <property name="commandTime" value="0.41 s"/>
            <property name="hostname" value="https://site-efficiency-5510.cs6.my.salesforce.com"/>
            <property name="orgId" value="00DN0000000TSvkMAG"/>
            <property name="username" value="test-iakvixwatve4@example.com"/>
            <property name="testRunId" value="707N000004RoPmb"/>
            <property name="userId" value="005N000000BLiFwIAL"/>
            <property name="coveredLines" value="0"/>
            <property name="testRunCoverage" value="0%"/>
            <property name="orgWideCoverage" value="0%"/>
        </properties>
        <testcase name="testFrequentlyBoughtTogether" classname="FrequentlyBoughtTogetherTest" time="0.00">
            <failure message="System.QueryException: List has no rows for assignment to SObject"><![CDATA[Class.FrequentlyBoughtTogetherTest.setup: line 48, column 1]]></failure>
        </testcase>
        <testcase name="testgetFrequentProducts" classname="FreqProdImgCarouselControllerTest" time="0.00">
            <failure message="System.QueryException: List has no rows for assignment to SObject"><![CDATA[Class.FreqProdImgCarouselControllerTest.setup: line 43, column 1]]></failure>
        </testcase>
    </testsuite>
</testsuites>
